                              1 ;;; gcc for m6809 : Mar 17 2019 12:45:32
                              2 ;;; 4.3.6 (gcc6809)
                              3 ;;; ABI version 1
                              4 ;;; -mabi=bx -mint8 -fomit-frame-pointer -O0
                              5 	.module	cartridge.enr.c
                              6 ; GNU C (GCC) version 4.3.6 (gcc6809) (m6809-unknown-none)
                              7 ;	compiled by GNU C version 7.4.0, GMP version 4.3.2, MPFR version 2.4.2.
                              8 ; GGC heuristics: --param ggc-min-expand=100 --param ggc-min-heapsize=131072
                              9 ; options passed:  -fno-ipa-reference -ftree-ter -fno-gcse -fverbose-asm -W
                             10 ; -Wall -Wextra -Wconversion -Werror -fomit-frame-pointer
                             11 ; -fno-toplevel-reorder -mint8 -msoft-reg-count=0 -std=gnu99
                             12 ; -fno-time-report
                             13 ; -IC:\Users\tsuok\Downloads\Vide2.6_RC03.w32\Vide.w32\C\PeerC\vectrex\include
                             14 ; -D__RUM_FUNCTION=1 -DOMMIT_FRAMEPOINTER=1
                             15 ; -IC:\Users\tsuok\FalloutTTRPG\VectrexTest\FishGame\FishGame\include
                             16 ; C:\Users\tsuok\FalloutTTRPG\VectrexTest\FishGame\FishGame\source\cartridge.enr.c
                             17 ; options enabled:  -falign-loops -fargument-alias -fauto-inc-dec
                             18 ; -fbranch-count-reg -fcommon -fearly-inlining
                             19 ; -feliminate-unused-debug-types -ffunction-cse -fgcse-lm -fident -fivopts
                             20 ; -fkeep-static-consts -fleading-underscore -fmath-errno
                             21 ; -fmerge-debug-strings -fmove-loop-invariants -fomit-frame-pointer
                             22 ; -fpcc-struct-return -fpeephole -fsched-interblock -fsched-spec
                             23 ; -fsched-stalled-insns-dep -fsigned-zeros -fsplit-ivs-in-unroller
                             24 ; -ftrapping-math -ftree-loop-im -ftree-loop-ivcanon -ftree-loop-optimize
                             25 ; -ftree-parallelize-loops= -ftree-reassoc -ftree-scev-cprop -ftree-ter
                             26 ; -ftree-vect-loop-version -fverbose-asm -fzero-initialized-in-bss
                             27 
                             28 ; Compiler executable checksum: 8f282e2d9663ae6148257c524e608c63
                             29 
                             30 	.globl	_game_header
                             31 	.area	.cartridge
   0000                      32 _game_header:
                             33 ; copyright:
   0000 67 20 47 43 45 20    34 	.byte	103,32,71,67,69,32,50,48
        32 30
   0008 32 35 80             35 	.byte	50,53,-128
                             36 ; music:
   000B 00 00                37 	.word	_Vec_Music_1
                             38 ; title_height:
   000D F8                   39 	.byte	-8
                             40 ; title_width:
   000E 50                   41 	.byte	80
                             42 ; title_y:
   000F F0                   43 	.byte	-16
                             44 ; title_x:
   0010 B8                   45 	.byte	-72
                             46 ; title:
   0011 46 49 53 48 20 47    47 	.byte	70,73,83,72,32,71,65,77
        41 4D
   0019 45 80 00             48 	.byte	69,-128,0
ASxxxx Assembler V05.00  (Motorola 6809), page 1.
Hexidecimal [16-Bits]

Symbol Table

    .__.$$$.       =   2710 L   |     .__.ABS.       =   0000 G
    .__.CPU.       =   0000 L   |     .__.H$L.       =   0001 L
    _Vec_Music_1       **** GX  |   2 _game_header       0000 GR

ASxxxx Assembler V05.00  (Motorola 6809), page 2.
Hexidecimal [16-Bits]

Area Table

[_CSEG]
   0 _CODE            size    0   flags C080
   2 .cartridge       size   1C   flags  100
[_DSEG]
   1 _DATA            size    0   flags C0C0

